app/seeds.txt
com.life.me.MainActivity
com.life.me.MainActivity: MainActivity()
com.life.me.MainActivity: void onClick(android.view.View)
com.life.me.Music_Activity
com.life.me.Music_Activity: Music_Activity()
com.life.me.Music_Activity: void onClick(android.view.View)
com.life.me.R$anim: int abc_fade_in
com.life.me.R$anim: int abc_fade_out
com.life.me.R$anim: int abc_grow_fade_in_from_bottom
com.life.me.R$anim: int abc_popup_enter
com.life.me.R$anim: int abc_popup_exit
com.life.me.R$anim: int abc_shrink_fade_out_from_bottom
com.life.me.R$anim: int abc_slide_in_bottom
com.life.me.R$anim: int abc_slide_in_top
com.life.me.R$anim: int abc_slide_out_bottom
com.life.me.R$anim: int abc_slide_out_top
com.life.me.R$anim: int design_fab_in
com.life.me.R$anim: int design_fab_out
com.life.me.R$anim: int design_snackbar_in
com.life.me.R$anim: int design_snackbar_out
com.life.me.R$anim: int fade_out
com.life.me.R$anim: int push_left_in
com.life.me.R$anim: int push_left_out
com.life.me.R$anim: int slide_in_likes_counter
com.life.me.R$anim: int slide_in_right
com.life.me.R$anim: int slide_out_likes_counter
com.life.me.R$anim: int slide_out_right
com.life.me.R$anim: int small_2_big
com.life.me.R$attr: int AniBackColor
com.life.me.R$attr: int AniForeColor
com.life.me.R$attr: int CircleSmaller
com.life.me.R$attr: int actionBarDivider
com.life.me.R$attr: int actionBarItemBackground
com.life.me.R$attr: int actionBarPopupTheme
com.life.me.R$attr: int actionBarSize
com.life.me.R$attr: int actionBarSplitStyle
com.life.me.R$attr: int actionBarStyle
com.life.me.R$attr: int actionBarTabBarStyle
com.life.me.R$attr: int actionBarTabStyle
com.life.me.R$attr: int actionBarTabTextStyle
com.life.me.R$attr: int actionBarTheme
com.life.me.R$attr: int actionBarWidgetTheme
com.life.me.R$attr: int actionButtonStyle
com.life.me.R$attr: int actionDropDownStyle
com.life.me.R$attr: int actionLayout
com.life.me.R$attr: int actionMenuTextAppearance
com.life.me.R$attr: int actionMenuTextColor
com.life.me.R$attr: int actionModeBackground
com.life.me.R$attr: int actionModeCloseButtonStyle
com.life.me.R$attr: int actionModeCloseDrawable
com.life.me.R$attr: int actionModeCopyDrawable
com.life.me.R$attr: int actionModeCutDrawable
com.life.me.R$attr: int actionModeFindDrawable
com.life.me.R$attr: int actionModePasteDrawable
com.life.me.R$attr: int actionModePopupWindowStyle
com.life.me.R$attr: int actionModeSelectAllDrawable
com.life.me.R$attr: int actionModeShareDrawable
com.life.me.R$attr: int actionModeSplitBackground
com.life.me.R$attr: int actionModeStyle
com.life.me.R$attr: int actionModeWebSearchDrawable
com.life.me.R$attr: int actionOverflowButtonStyle
com.life.me.R$bool: int abc_action_bar_embed_tabs
com.life.me.R$bool: int abc_action_bar_embed_tabs_pre_jb
com.life.me.R$bool: int abc_action_bar_expanded_action_views_exclusive
com.life.me.R$bool: int abc_allow_stacked_button_bar
com.life.me.R$bool: int abc_config_actionMenuItemAllCaps
com.life.me.R$bool: int abc_config_allowActionMenuItemTextWithIcon
com.life.me.R$bool: int abc_config_closeDialogWhenTouchOutside
com.life.me.R$bool: int abc_config_showMenuShortcutsWhenKeyboardPresent
...
cn.jpush.android.util.r
cn.jpush.android.util.r: void v(java.lang.String,java.lang.String)
cn.jpush.android.util.r: void d(java.lang.String,java.lang.String)
cn.jpush.android.util.r: void i(java.lang.String,java.lang.String)
cn.jpush.android.util.r: void w(java.lang.String,java.lang.String)
cn.jpush.android.util.r: void e(java.lang.String,java.lang.String)
cn.jpush.android.util.r: void w(java.lang.String,java.lang.String,java.lang.Throwable)
cn.jpush.android.util.r: void e(java.lang.String,java.lang.String,java.lang.Throwable)
cn.jpush.android.util.s
cn.jpush.android.util.s: java.lang.String[] z
cn.jpush.android.util.s: void a(android.content.Context)
cn.jpush.android.util.s: org.json.JSONObject a(cn.jpush.android.data.r)
cn.jpush.android.util.s: org.json.JSONObject b(cn.jpush.android.data.r)
cn.jpush.android.util.s: void <clinit>()
cn.jpush.android.util.t
cn.jpush.android.util.t: java.lang.String[] a(android.content.Context)
cn.jpush.android.util.u
cn.jpush.android.util.u: int c
cn.jpush.android.util.u: int d
cn.jpush.android.util.u: long e
cn.jpush.android.util.u: long f
cn.jpush.android.util.u: long g
cn.jpush.android.util.u: long h
cn.jpush.android.util.u: int a
cn.jpush.android.util.u: boolean b
cn.jpush.android.util.u: android.content.Context i
cn.jpush.android.util.u: java.util.ArrayList j
cn.jpush.android.util.u: java.lang.String[] z
cn.jpush.android.util.u: u()
cn.jpush.android.util.u: void a(cn.jpush.android.data.f)
cn.jpush.android.util.u: void a()
cn.jpush.android.util.u: void b()
cn.jpush.android.util.u: void c()
cn.jpush.android.util.u: void a(android.content.Context,java.lang.String)
cn.jpush.android.util.u: void a(java.lang.String)
cn.jpush.android.util.u: org.json.JSONObject d()
cn.jpush.android.util.u: void <clinit>()
cn.jpush.android.util.v
cn.jpush.android.util.v: int a
cn.jpush.android.util.v: cn.jpush.android.util.JRecorder b
cn.jpush.android.util.v: v(cn.jpush.android.util.JRecorder,int)
cn.jpush.android.util.v: void run()
cn.jpush.android.util.w
cn.jpush.android.util.w: w()
cn.jpush.android.util.w: void run()
cn.jpush.android.util.x
cn.jpush.android.util.x: org.json.JSONObject a
cn.jpush.android.util.x: java.lang.String[] z
cn.jpush.android.util.x: x(org.json.JSONObject)
cn.jpush.android.util.x: void run()
cn.jpush.android.util.x: void <clinit>()
cn.jpush.android.util.y
cn.jpush.android.util.y: int a
cn.jpush.android.util.y: java.util.ArrayList b
cn.jpush.android.util.y: cn.jpush.android.util.JRecorder c
cn.jpush.android.util.y: y(cn.jpush.android.util.JRecorder)
cn.jpush.android.util.y: y(cn.jpush.android.util.JRecorder,byte)
cn.jpush.android.util.z
cn.jpush.android.util.z: long a
cn.jpush.android.util.z: double b
cn.jpush.android.util.z: cn.jpush.android.util.JRecorder c
cn.jpush.android.util.z: z(cn.jpush.android.util.JRecorder)
cn.jpush.android.util.z: z(cn.jpush.android.util.JRecorder,byte)
cn.jpush.android.webview.bridge.a
cn.jpush.android.webview.bridge.a: a(java.lang.String,java.lang.Class)
cn.jpush.android.webview.bridge.a: boolean onJsAlert(android.webkit.WebView,java.lang.String,java.lang.String,android.webkit.JsResult)
cn.jpush.android.webview.bridge.a: void onProgressChanged(android.webkit.WebView,int)
cn.jpush.android.webview.bridge.a: boolean onJsPrompt(android.webkit.WebView,java.lang.String,java.lang.String,java.lang.String,android.webkit.JsPromptResult)